\BOOKMARK [1][-]{section.1}{Introduction}{}% 1
\BOOKMARK [1][-]{section.2}{Related Work}{}% 2
\BOOKMARK [1][-]{section.3}{Contribution}{}% 3
\BOOKMARK [1][-]{section.4}{Test bed, matrices and kernels}{}% 4
\BOOKMARK [2][-]{subsection.5}{Test bed}{section.4}% 5
\BOOKMARK [2][-]{subsection.8}{External Tolls and Software}{section.4}% 6
\BOOKMARK [2][-]{subsection.9}{Benchmark Matrices}{section.4}% 7
\BOOKMARK [2][-]{subsection.12}{Kernels}{section.4}% 8
\BOOKMARK [3][-]{subsubsection.13}{SpMV}{subsection.12}% 9
\BOOKMARK [3][-]{subsubsection.21}{SpMTV}{subsection.12}% 10
\BOOKMARK [3][-]{subsubsection.29}{SymmSpMV}{subsection.12}% 11
\BOOKMARK [3][-]{subsubsection.40}{GS and SymmGS}{subsection.12}% 12
\BOOKMARK [3][-]{subsubsection.51}{KACZ and SymmKACZ}{subsection.12}% 13
\BOOKMARK [1][-]{section.66}{Motivation}{}% 14
\BOOKMARK [1][-]{section.73}{RACE method}{}% 15
\BOOKMARK [2][-]{subsection.83}{Level Construction}{section.73}% 16
\BOOKMARK [2][-]{subsection.91}{Permutation}{section.73}% 17
\BOOKMARK [2][-]{subsection.92}{Distance-k coloring}{section.73}% 18
\BOOKMARK [2][-]{subsection.100}{Load balancing}{section.73}% 19
\BOOKMARK [2][-]{subsection.105}{Recursion}{section.73}% 20
\BOOKMARK [3][-]{subsubsection.106}{Distance-1}{subsection.105}% 21
\BOOKMARK [3][-]{subsubsection.120}{Distance-k}{subsection.105}% 22
\BOOKMARK [3][-]{subsubsection.133}{level\137tree}{subsection.105}% 23
\BOOKMARK [3][-]{subsubsection.138}{Sub-graph selection and global load balancing}{subsection.105}% 24
\BOOKMARK [1][-]{section.142}{Parameter study}{}% 25
\BOOKMARK [2][-]{subsection.143}{Quantifying quality of RACE}{section.142}% 26
\BOOKMARK [2][-]{subsection.146}{Case study}{section.142}% 27
\BOOKMARK [1][-]{section.161}{Experiments and Results}{}% 28
\BOOKMARK [2][-]{subsection.162}{Test setup}{section.161}% 29
\BOOKMARK [2][-]{figure.164}{Corner Cases}{section.161}% 30
\BOOKMARK [2][-]{figure.177}{Performance and comparisons}{section.161}% 31
\BOOKMARK [3][-]{subsubsection.183}{RACE performance}{figure.177}% 32
\BOOKMARK [3][-]{subsubsection.184}{Comparison exact kernel}{figure.177}% 33
\BOOKMARK [3][-]{subsubsection.189}{Comparison iterative kernel}{figure.177}% 34
\BOOKMARK [3][-]{subsubsection.190}{Comparison with tailored data format}{figure.177}% 35
\BOOKMARK [1][-]{section.195}{Conclusion}{}% 36
\BOOKMARK [1][-]{section.196}{Future Work}{}% 37
\BOOKMARK [1][-]{section*.197}{References}{}% 38
\BOOKMARK [1][-]{appendix.198}{Appendix A. Algorithms}{}% 39
