This is pdfTeX, Version 3.14159265-2.6-1.40.19 (TeX Live 2018) (preloaded format=pdflatex 2018.10.22)  11 DEC 2018 15:57
entering extended mode
 restricted \write18 enabled.
 file:line:error style messages enabled.
 %&-line parsing enabled.
**race_method.tex
(./race_method.tex
LaTeX2e <2018-04-01> patch level 2
Babel <3.18> and hyphenation patterns for 84 language(s) loaded.

./race_method.tex:6: LaTeX Error: Missing \begin{document}.

See the LaTeX manual or LaTeX Companion for explanation.
Type  H <return>  for immediate help.
 ...                                              
                                                  
l.6 I
     mproving data locality for sparse matrix computations like \SpMV  is cl...

? 
./race_method.tex:6: Emergency stop.
 ...                                              
                                                  
l.6 I
     mproving data locality for sparse matrix computations like \SpMV  is cl...

You're in trouble here.  Try typing  <return>  to proceed.
If that doesn't work, type  X <return>  to quit.

 
Here is how much of TeX's memory you used:
 6 strings out of 492649
 276 string characters out of 6129621
 56655 words of memory out of 5000000
 3988 multiletter control sequences out of 15000+600000
 3640 words of font info for 14 fonts, out of 8000000 for 9000
 1141 hyphenation exceptions out of 8191
 5i,0n,4p,623b,14s stack positions out of 5000i,500n,10000p,200000b,80000s
./race_method.tex:6:  ==> Fatal error occurred, no output PDF file produced!
