This is pdfTeX, Version 3.14159265-2.6-1.40.16 (TeX Live 2015/Debian) (preloaded format=pdflatex 2017.8.7)  19 APR 2018 10:59
entering extended mode
 restricted \write18 enabled.
 %&-line parsing enabled.
**race.tex
(./race.tex
LaTeX2e <2016/02/01>
Babel <3.9q> and hyphenation patterns for 8 language(s) loaded.
(./siamart171218.cls
Document Class: siamart171218 2017/12/18 v1.4.2 LaTeX document e-class
(/usr/share/texlive/texmf-dist/tex/latex/amsmath/amsmath.sty
Package: amsmath 2016/03/03 v2.15a AMS math features
\@mathmargin=\skip41

For additional information on amsmath, use the `?' option.
(/usr/share/texlive/texmf-dist/tex/latex/amsmath/amstext.sty
Package: amstext 2000/06/29 v2.01 AMS text

(/usr/share/texlive/texmf-dist/tex/latex/amsmath/amsgen.sty
File: amsgen.sty 1999/11/30 v2.0 generic functions
\@emptytoks=\toks14
\ex@=\dimen102
))
(/usr/share/texlive/texmf-dist/tex/latex/amsmath/amsbsy.sty
Package: amsbsy 1999/11/29 v1.2d Bold Symbols
\pmbraise@=\dimen103
)
(/usr/share/texlive/texmf-dist/tex/latex/amsmath/amsopn.sty
Package: amsopn 1999/12/14 v2.01 operator names
)
\inf@bad=\count79
LaTeX Info: Redefining \frac on input line 199.
\uproot@=\count80
\leftroot@=\count81
LaTeX Info: Redefining \overline on input line 297.
\classnum@=\count82
\DOTSCASE@=\count83
LaTeX Info: Redefining \ldots on input line 394.
LaTeX Info: Redefining \dots on input line 397.
LaTeX Info: Redefining \cdots on input line 518.
\Mathstrutbox@=\box26
\strutbox@=\box27
\big@size=\dimen104
LaTeX Font Info:    Redeclaring font encoding OML on input line 630.
LaTeX Font Info:    Redeclaring font encoding OMS on input line 631.
\macc@depth=\count84
\c@MaxMatrixCols=\count85
\dotsspace@=\muskip10
\c@parentequation=\count86
\dspbrk@lvl=\count87
\tag@help=\toks15
\row@=\count88
\column@=\count89
\maxfields@=\count90
\andhelp@=\toks16
\eqnshift@=\dimen105
\alignsep@=\dimen106
\tagshift@=\dimen107
\tagwidth@=\dimen108
\totwidth@=\dimen109
\lineht@=\dimen110
\@envbody=\toks17
\multlinegap=\skip42
\multlinetaggap=\skip43
\mathdisplay@stack=\toks18
LaTeX Info: Redefining \[ on input line 2735.
LaTeX Info: Redefining \] on input line 2736.
)
(/usr/share/texlive/texmf-dist/tex/latex/ntheorem/ntheorem.sty
Style `ntheorem', Version 1.33 <2011/08/15>
Package: ntheorem 2011/08/15 1.33
(/usr/share/texlive/texmf-dist/tex/latex/base/ifthen.sty
Package: ifthen 2014/09/29 v1.1c Standard LaTeX ifthen package (DPC)
)
\theorem@style=\toks19
\theorem@@style=\toks20
\theorembodyfont=\toks21
\theoremnumbering=\toks22
\theorempreskipamount=\skip44
\theorempostskipamount=\skip45
\theoremframepreskipamount=\skip46
\theoremframepostskipamount=\skip47
\theoreminframepreskipamount=\skip48
\theoreminframepostskipamount=\skip49
\theorem@preskip=\toks23
\theorem@postskip=\toks24
\theorem@framepreskip=\toks25
\theorem@framepostskip=\toks26
\theorem@inframepreskip=\toks27
\theorem@inframepostskip=\toks28
\theoremindent=\dimen111
\theorem@indent=\dimen112
\theoremrightindent=\dimen113
\theorem@rightindent=\dimen114
\theoremheaderfont=\toks29
\theoremseparator=\toks30
\theoremprework=\toks31
\theorempostwork=\toks32
\theoremsymbol=\toks33
\qedsymbol=\toks34
\theoremkeyword=\toks35
\qedsymbol=\toks36
\thm@topsep=\skip50
\thm@topsepadd=\skip51
Package ntheorem Info: Option `thmmarks' loaded on input line 1175.
\c@endNonectr=\count91
\c@currNonectr=\count92
\mysavskip=\skip52
Package ntheorem Info: option `amsmath' handling for `thmmarks' loaded on input
 line 1175.
\thm@amstmpdepth=\dimen115
\tagwidth=\dimen116
)
\fromfoliotocopyright=\skip53
\c@section=\count93
\c@subsection=\count94
\c@subsubsection=\count95
\c@paragraph=\count96
\c@subparagraph=\count97
\c@rmnum=\count98
\c@muni=\count99
\@sectionspace=\skip54
\@negsectionspace=\skip55
\c@figure=\count100
\c@table=\count101
\abovecaptionskip=\skip56
\belowcaptionskip=\skip57
\bibindent=\dimen117

(/usr/share/texlive/texmf-dist/tex/latex/hyperref/xr-hyper.sty
Package: xr-hyper 2000/03/22 v6.00beta4 eXternal References (DPC)
)
(/usr/share/texlive/texmf-dist/tex/generic/oberdiek/ifpdf.sty
Package: ifpdf 2011/01/30 v2.3 Provides the ifpdf switch (HO)
Package ifpdf Info: pdfTeX in PDF mode is detected.
)
(/usr/share/texlive/texmf-dist/tex/latex/hyperref/hyperref.sty
Package: hyperref 2012/11/06 v6.83m Hypertext links for LaTeX

(/usr/share/texlive/texmf-dist/tex/generic/oberdiek/hobsub-hyperref.sty
Package: hobsub-hyperref 2012/05/28 v1.13 Bundle oberdiek, subset hyperref (HO)


(/usr/share/texlive/texmf-dist/tex/generic/oberdiek/hobsub-generic.sty
Package: hobsub-generic 2012/05/28 v1.13 Bundle oberdiek, subset generic (HO)
Package: hobsub 2012/05/28 v1.13 Construct package bundles (HO)
Package: infwarerr 2010/04/08 v1.3 Providing info/warning/error messages (HO)
Package: ltxcmds 2011/11/09 v1.22 LaTeX kernel commands for general use (HO)
Package: ifluatex 2010/03/01 v1.3 Provides the ifluatex switch (HO)
Package ifluatex Info: LuaTeX not detected.
Package: ifvtex 2010/03/01 v1.5 Detect VTeX and its facilities (HO)
Package ifvtex Info: VTeX not detected.
Package: intcalc 2007/09/27 v1.1 Expandable calculations with integers (HO)
Package hobsub Info: Skipping package `ifpdf' (already loaded).
Package: etexcmds 2011/02/16 v1.5 Avoid name clashes with e-TeX commands (HO)
Package etexcmds Info: Could not find \expanded.
(etexcmds)             That can mean that you are not using pdfTeX 1.50 or
(etexcmds)             that some package has redefined \expanded.
(etexcmds)             In the latter case, load this package earlier.
Package: kvsetkeys 2012/04/25 v1.16 Key value parser (HO)
Package: kvdefinekeys 2011/04/07 v1.3 Define keys (HO)
Package: pdftexcmds 2011/11/29 v0.20 Utility functions of pdfTeX for LuaTeX (HO
)
Package pdftexcmds Info: LuaTeX not detected.
Package pdftexcmds Info: \pdf@primitive is available.
Package pdftexcmds Info: \pdf@ifprimitive is available.
Package pdftexcmds Info: \pdfdraftmode found.
Package: pdfescape 2011/11/25 v1.13 Implements pdfTeX's escape features (HO)
Package: bigintcalc 2012/04/08 v1.3 Expandable calculations on big integers (HO
)
Package: bitset 2011/01/30 v1.1 Handle bit-vector datatype (HO)
Package: uniquecounter 2011/01/30 v1.2 Provide unlimited unique counter (HO)
)
Package hobsub Info: Skipping package `hobsub' (already loaded).
Package: letltxmacro 2010/09/02 v1.4 Let assignment for LaTeX macros (HO)
Package: hopatch 2012/05/28 v1.2 Wrapper for package hooks (HO)
Package: xcolor-patch 2011/01/30 xcolor patch
Package: atveryend 2011/06/30 v1.8 Hooks at the very end of document (HO)
Package atveryend Info: \enddocument detected (standard20110627).
Package: atbegshi 2011/10/05 v1.16 At begin shipout hook (HO)
Package: refcount 2011/10/16 v3.4 Data extraction from label references (HO)
Package: hycolor 2011/01/30 v1.7 Color options for hyperref/bookmark (HO)
)
(/usr/share/texlive/texmf-dist/tex/latex/graphics/keyval.sty
Package: keyval 2014/10/28 v1.15 key=value parser (DPC)
\KV@toks@=\toks37
)
(/usr/share/texlive/texmf-dist/tex/generic/ifxetex/ifxetex.sty
Package: ifxetex 2010/09/12 v0.6 Provides ifxetex conditional
)
(/usr/share/texlive/texmf-dist/tex/latex/oberdiek/auxhook.sty
Package: auxhook 2011/03/04 v1.3 Hooks for auxiliary files (HO)
)
(/usr/share/texlive/texmf-dist/tex/latex/oberdiek/kvoptions.sty
Package: kvoptions 2011/06/30 v3.11 Key value format for package options (HO)
)
\@linkdim=\dimen118
\Hy@linkcounter=\count102
\Hy@pagecounter=\count103

(/usr/share/texlive/texmf-dist/tex/latex/hyperref/pd1enc.def
File: pd1enc.def 2012/11/06 v6.83m Hyperref: PDFDocEncoding definition (HO)
)
\Hy@SavedSpaceFactor=\count104

(/usr/share/texlive/texmf-dist/tex/latex/latexconfig/hyperref.cfg
File: hyperref.cfg 2002/06/06 v1.2 hyperref configuration of TeXLive
)
Package hyperref Info: Hyper figures OFF on input line 4443.
Package hyperref Info: Link nesting OFF on input line 4448.
Package hyperref Info: Hyper index ON on input line 4451.
Package hyperref Info: Plain pages OFF on input line 4458.
Package hyperref Info: Backreferencing OFF on input line 4463.
Package hyperref Info: Implicit mode ON; LaTeX internals redefined.
Package hyperref Info: Bookmarks ON on input line 4688.
\c@Hy@tempcnt=\count105

(/usr/share/texlive/texmf-dist/tex/latex/url/url.sty
\Urlmuskip=\muskip11
Package: url 2013/09/16  ver 3.4  Verb mode for urls, etc.
)
LaTeX Info: Redefining \url on input line 5041.
\XeTeXLinkMargin=\dimen119
\Fld@menulength=\count106
\Field@Width=\dimen120
\Fld@charsize=\dimen121
Package hyperref Info: Hyper figures OFF on input line 6295.
Package hyperref Info: Link nesting OFF on input line 6300.
Package hyperref Info: Hyper index ON on input line 6303.
Package hyperref Info: backreferencing OFF on input line 6310.
Package hyperref Info: Link coloring OFF on input line 6315.
Package hyperref Info: Link coloring with OCG OFF on input line 6320.
Package hyperref Info: PDF/A mode OFF on input line 6325.
LaTeX Info: Redefining \ref on input line 6365.
LaTeX Info: Redefining \pageref on input line 6369.
\Hy@abspage=\count107
\c@Item=\count108
\c@Hfootnote=\count109
)

Package hyperref Message: Driver (autodetected): hpdftex.

(/usr/share/texlive/texmf-dist/tex/latex/hyperref/hpdftex.def
File: hpdftex.def 2012/11/06 v6.83m Hyperref driver for pdfTeX
\Fld@listcount=\count110
\c@bookmark@seq@number=\count111

(/usr/share/texlive/texmf-dist/tex/latex/oberdiek/rerunfilecheck.sty
Package: rerunfilecheck 2011/04/15 v1.7 Rerun checks for auxiliary files (HO)
Package uniquecounter Info: New unique counter `rerunfilecheck' on input line 2
82.
)
\Hy@SectionHShift=\skip58
)
Package hyperref Info: Option `colorlinks' set `false' on input line 1286.
Package hyperref Info: Option `frenchlinks' set `false' on input line 1286.
Package hyperref Info: Option `naturalnames' set `false' on input line 1286.
Package hyperref Info: Option `hypertexnames' set `false' on input line 1286.
Package hyperref Info: Option `breaklinks' set `true' on input line 1286.

(/usr/share/texlive/texmf-dist/tex/latex/graphics/graphics.sty
Package: graphics 2016/01/03 v1.0q Standard LaTeX Graphics (DPC,SPQR)

(/usr/share/texlive/texmf-dist/tex/latex/graphics/trig.sty
Package: trig 2016/01/03 v1.10 sin cos tan (DPC)
)
(/usr/share/texlive/texmf-dist/tex/latex/latexconfig/graphics.cfg
File: graphics.cfg 2010/04/23 v1.9 graphics configuration of TeX Live
)
Package graphics Info: Driver file: pdftex.def on input line 95.

(/usr/share/texlive/texmf-dist/tex/latex/pdftex-def/pdftex.def
File: pdftex.def 2011/05/27 v0.06d Graphics/color for pdfTeX
\Gread@gobject=\count112
))
(/usr/share/texlive/texmf-dist/tex/latex/graphics/graphicx.sty
Package: graphicx 2014/10/28 v1.0g Enhanced LaTeX Graphics (DPC,SPQR)
\Gin@req@height=\dimen122
\Gin@req@width=\dimen123
)
(/usr/share/texlive/texmf-dist/tex/latex/oberdiek/epstopdf.sty
Package: epstopdf 2010/02/09 v2.5 Conversion with epstopdf on the fly (HO)

(/usr/share/texlive/texmf-dist/tex/latex/oberdiek/epstopdf-base.sty
Package: epstopdf-base 2010/02/09 v2.5 Base part for package epstopdf

(/usr/share/texlive/texmf-dist/tex/latex/oberdiek/grfext.sty
Package: grfext 2010/08/19 v1.1 Manage graphics extensions (HO)
)
Package grfext Info: Graphics extension search list:
(grfext)             [.png,.pdf,.jpg,.mps,.jpeg,.jbig2,.jb2,.PNG,.PDF,.JPG,.JPE
G,.JBIG2,.JB2,.eps]
(grfext)             \AppendGraphicsExtensions on input line 452.

(/usr/share/texlive/texmf-dist/tex/latex/latexconfig/epstopdf-sys.cfg
File: epstopdf-sys.cfg 2010/07/13 v1.3 Configuration of (r)epstopdf for TeX Liv
e
)))
(/usr/share/texlive/texmf-dist/tex/latex/xcolor/xcolor.sty
Package: xcolor 2007/01/21 v2.11 LaTeX color extensions (UK)

(/usr/share/texlive/texmf-dist/tex/latex/latexconfig/color.cfg
File: color.cfg 2007/01/18 v1.5 color configuration of teTeX/TeXLive
)
Package xcolor Info: Driver file: pdftex.def on input line 225.
Package xcolor Info: Model `cmy' substituted by `cmy0' on input line 1337.
Package xcolor Info: Model `hsb' substituted by `rgb' on input line 1341.
Package xcolor Info: Model `RGB' extended on input line 1353.
Package xcolor Info: Model `HTML' substituted by `rgb' on input line 1355.
Package xcolor Info: Model `Hsb' substituted by `hsb' on input line 1356.
Package xcolor Info: Model `tHsb' substituted by `hsb' on input line 1357.
Package xcolor Info: Model `HSB' substituted by `hsb' on input line 1358.
Package xcolor Info: Model `Gray' substituted by `gray' on input line 1359.
Package xcolor Info: Model `wave' substituted by `hsb' on input line 1360.
)
Package hyperref Info: Option `colorlinks' set `true' on input line 1322.

(/usr/share/texlive/texmf-dist/tex/latex/oberdiek/hypcap.sty
Package: hypcap 2011/02/16 v1.11 Adjusting the anchors of captions (HO)
)

! LaTeX Error: File `algorithm.sty' not found.

Type X to quit or <RETURN> to proceed,
or enter new name. (Default extension: sty)

Enter file name: 
! Emergency stop.
<read *> 
         
l.1353 \RequirePackage{algorithm}[0.1]
                                      ^^M
*** (cannot \read from terminal in nonstop modes)

 
Here is how much of TeX's memory you used:
 6052 strings out of 494901
 86009 string characters out of 6178618
 176515 words of memory out of 5000000
 9341 multiletter control sequences out of 15000+600000
 3640 words of font info for 14 fonts, out of 8000000 for 9000
 14 hyphenation exceptions out of 8191
 37i,0n,39p,259b,47s stack positions out of 5000i,500n,10000p,200000b,80000s
!  ==> Fatal error occurred, no output PDF file produced!
